<?xml version="1.0" encoding="UTF-8"?>
<!-- Generated by org.testng.reporters.JUnitXMLReporter -->
<testsuite hostname="WSD011" name="VerifyLogin" tests="2" failures="0" timestamp="28 Feb 2017 11:39:31 GMT" time="3.294" errors="0">
  <testcase name="@AfterMethod CloseDriver" time="0.0" classname="com.uat.TestCases.VerifyLoginFucntionality">
    <failure type="java.lang.NullPointerException">
      <![CDATA[java.lang.NullPointerException
	at com.uat.TestCases.VerifyLoginFucntionality.CloseDriver(VerifyLoginFucntionality.java:66)
... Removed 27 stack frames]]>
    </failure>
  </testcase> <!-- @AfterMethod CloseDriver -->
  <testcase name="@AfterMethod CloseDriver" time="0.0" classname="com.uat.TestCases.VerifyLoginFucntionality">
    <skipped/>
  </testcase> <!-- @AfterMethod CloseDriver -->
  <testcase name="verifyValidLogin" time="3.221" classname="com.uat.TestCases.VerifyLoginFucntionality"/>
  <testcase name="verifyValidLogin" time="0.002" classname="com.uat.TestCases.VerifyLoginFucntionality">
    <skipped/>
  </testcase> <!-- verifyValidLogin -->
</testsuite> <!-- VerifyLogin -->
