<?xml version="1.0" encoding="UTF-8"?>
<testng-results skipped="1" failed="0" total="2" passed="1">
  <reporter-output>
  </reporter-output>
  <suite name=" UAT Automation suite" duration-ms="0" started-at="2017-02-28T11:39:32Z" finished-at="2017-02-28T11:39:32Z">
    <groups>
    </groups>
  </suite> <!--  UAT Automation suite -->
  <suite name="TM_Project Suite" duration-ms="3294" started-at="2017-02-28T11:39:28Z" finished-at="2017-02-28T11:39:31Z">
    <groups>
    </groups>
    <test name="VerifyLogin" duration-ms="3294" started-at="2017-02-28T11:39:28Z" finished-at="2017-02-28T11:39:31Z">
      <class name="com.uat.TestCases.VerifyLoginFucntionality">
        <test-method status="PASS" signature="verifyValidLogin(java.lang.String, java.lang.String, java.lang.String)[pri:0, instance:com.uat.TestCases.VerifyLoginFucntionality@68c72235]" name="verifyValidLogin" duration-ms="3221" started-at="2017-02-28T17:09:28Z" data-provider="getTestData" finished-at="2017-02-28T17:09:31Z">
          <params>
            <param index="0">
              <value>
                <![CDATA[demo@click2cloud.net]]>
              </value>
            </param>
            <param index="1">
              <value>
                <![CDATA[123]]>
              </value>
            </param>
            <param index="2">
              <value>
                <![CDATA[Test Management]]>
              </value>
            </param>
          </params>
          <reporter-output>
          </reporter-output>
        </test-method> <!-- verifyValidLogin -->
        <test-method status="FAIL" signature="CloseDriver()[pri:0, instance:com.uat.TestCases.VerifyLoginFucntionality@68c72235]" name="CloseDriver" is-config="true" duration-ms="0" started-at="2017-02-28T17:09:31Z" finished-at="2017-02-28T17:09:31Z">
          <exception class="java.lang.NullPointerException">
            <full-stacktrace>
              <![CDATA[java.lang.NullPointerException
	at com.uat.TestCases.VerifyLoginFucntionality.CloseDriver(VerifyLoginFucntionality.java:66)
	at sun.reflect.NativeMethodAccessorImpl.invoke0(Native Method)
	at sun.reflect.NativeMethodAccessorImpl.invoke(Unknown Source)
	at sun.reflect.DelegatingMethodAccessorImpl.invoke(Unknown Source)
	at java.lang.reflect.Method.invoke(Unknown Source)
	at org.testng.internal.MethodInvocationHelper.invokeMethod(MethodInvocationHelper.java:85)
	at org.testng.internal.Invoker.invokeConfigurationMethod(Invoker.java:510)
	at org.testng.internal.Invoker.invokeConfigurations(Invoker.java:211)
	at org.testng.internal.Invoker.invokeMethod(Invoker.java:703)
	at org.testng.internal.Invoker.invokeTestMethod(Invoker.java:816)
	at org.testng.internal.Invoker.invokeTestMethods(Invoker.java:1124)
	at org.testng.internal.TestMethodWorker.invokeTestMethods(TestMethodWorker.java:125)
	at org.testng.internal.TestMethodWorker.run(TestMethodWorker.java:108)
	at org.testng.TestRunner.privateRun(TestRunner.java:774)
	at org.testng.TestRunner.run(TestRunner.java:624)
	at org.testng.SuiteRunner.runTest(SuiteRunner.java:359)
	at org.testng.SuiteRunner.runSequentially(SuiteRunner.java:354)
	at org.testng.SuiteRunner.privateRun(SuiteRunner.java:312)
	at org.testng.SuiteRunner.run(SuiteRunner.java:261)
	at org.testng.SuiteRunnerWorker.runSuite(SuiteRunnerWorker.java:52)
	at org.testng.SuiteRunnerWorker.run(SuiteRunnerWorker.java:86)
	at org.testng.TestNG.runSuitesSequentially(TestNG.java:1215)
	at org.testng.TestNG.runSuitesSequentially(TestNG.java:1211)
	at org.testng.TestNG.runSuitesLocally(TestNG.java:1140)
	at org.testng.TestNG.run(TestNG.java:1048)
	at org.testng.remote.AbstractRemoteTestNG.run(AbstractRemoteTestNG.java:132)
	at org.testng.remote.RemoteTestNG.initAndRun(RemoteTestNG.java:236)
	at org.testng.remote.RemoteTestNG.main(RemoteTestNG.java:81)
]]>
            </full-stacktrace>
          </exception> <!-- java.lang.NullPointerException -->
          <reporter-output>
          </reporter-output>
        </test-method> <!-- CloseDriver -->
        <test-method status="SKIP" signature="verifyValidLogin(java.lang.String, java.lang.String, java.lang.String)[pri:0, instance:com.uat.TestCases.VerifyLoginFucntionality@68c72235]" name="verifyValidLogin" duration-ms="2" started-at="2017-02-28T17:09:31Z" data-provider="getTestData" finished-at="2017-02-28T17:09:31Z">
          <params>
            <param index="0">
              <value>
                <![CDATA[test1@test.com]]>
              </value>
            </param>
            <param index="1">
              <value>
                <![CDATA[123]]>
              </value>
            </param>
            <param index="2">
              <value>
                <![CDATA[TestManagement]]>
              </value>
            </param>
          </params>
          <reporter-output>
          </reporter-output>
        </test-method> <!-- verifyValidLogin -->
        <test-method status="SKIP" signature="CloseDriver()[pri:0, instance:com.uat.TestCases.VerifyLoginFucntionality@68c72235]" name="CloseDriver" is-config="true" duration-ms="0" started-at="2017-02-28T17:09:31Z" finished-at="2017-02-28T17:09:31Z">
          <reporter-output>
          </reporter-output>
        </test-method> <!-- CloseDriver -->
      </class> <!-- com.uat.TestCases.VerifyLoginFucntionality -->
    </test> <!-- VerifyLogin -->
  </suite> <!-- TM_Project Suite -->
</testng-results>
